<?xml version="1.0" encoding="UTF-8"?>
<!-- Generated by org.testng.reporters.JUnitReportReporter -->
<testsuite hostname="LAPTOP-MJI58I48" failures="0" tests="4" name="classes.class3" time="1.193" errors="0" timestamp="2022-11-08T11:51:54 IST" skipped="0">
  <testcase classname="classes.class3" name="get_title" time="0.045"/>
  <system-out/>
  <testcase classname="classes.class3" name="get_url" time="0.044"/>
  <system-out/>
  <testcase classname="classes.class3" name="dropdown" time="0.500"/>
  <system-out/>
  <testcase classname="classes.class3" name="screenshot" time="0.604"/>
  <system-out/>
</testsuite> <!-- classes.class3 -->
