<?xml version="1.0" encoding="UTF-8"?>
<!-- Generated by org.testng.reporters.JUnitReportReporter -->
<testsuite hostname="LAPTOP-MJI58I48" failures="0" tests="1" name="Module1.example" time="0.008" errors="0" timestamp="2022-11-08T11:03:13 IST" skipped="0">
  <testcase classname="Module1.example" name="operation" time="0.008"/>
  <system-out/>
</testsuite> <!-- Module1.example -->
