<?xml version="1.0" encoding="UTF-8"?>
<!-- Generated by org.testng.reporters.JUnitReportReporter -->
<testsuite hostname="LAPTOP-MJI58I48" failures="0" tests="4" name="actions.operations" time="5.398" errors="0" timestamp="2022-11-08T19:18:43 IST" skipped="0">
  <testcase classname="actions.operations" name="rightclick" time="1.371"/>
  <system-out/>
  <testcase classname="actions.operations" name="draganddrop" time="2.505"/>
  <system-out/>
  <testcase classname="actions.operations" name="slide" time="0.641"/>
  <system-out/>
  <testcase classname="actions.operations" name="menu" time="0.881"/>
  <system-out/>
</testsuite> <!-- actions.operations -->
