<?xml version="1.0" encoding="UTF-8"?>
<!-- Generated by org.testng.reporters.JUnitReportReporter -->
<testsuite hostname="LAPTOP-MJI58I48" failures="0" tests="3" name="Module1.amazon" time="25.434" errors="0" timestamp="2022-11-08T10:55:07 IST" skipped="0">
  <testcase classname="Module1.amazon" name="get_title" time="8.743"/>
  <system-out/>
  <testcase classname="Module1.amazon" name="get_url" time="5.633"/>
  <system-out/>
  <testcase classname="Module1.amazon" name="screenshot" time="11.058"/>
  <system-out/>
</testsuite> <!-- Module1.amazon -->
