<?xml version="1.0" encoding="UTF-8"?>
<!-- Generated by org.testng.reporters.JUnitReportReporter -->
<testsuite hostname="LAPTOP-MJI58I48" failures="0" tests="1" name="Module1.example1" time="0.001" errors="0" timestamp="2022-11-08T11:03:13 IST" skipped="0">
  <testcase classname="Module1.example1" name="operation" time="0.001"/>
  <system-out/>
</testsuite> <!-- Module1.example1 -->
