<?xml version="1.0" encoding="UTF-8"?>
<!-- Generated by org.testng.reporters.JUnitReportReporter -->
<testsuite hostname="LAPTOP-MJI58I48" failures="0" tests="3" name="Module1.ex" time="30.110" errors="0" timestamp="2022-11-08T10:55:07 IST" skipped="0">
  <testcase classname="Module1.ex" name="get_title" time="4.101"/>
  <system-out/>
  <testcase classname="Module1.ex" name="get_url" time="5.503"/>
  <system-out/>
  <testcase classname="Module1.ex" name="screenshot" time="20.506"/>
  <system-out/>
</testsuite> <!-- Module1.ex -->
