<?xml version="1.0" encoding="UTF-8"?>
<!-- Generated by org.testng.reporters.JUnitReportReporter -->
<testsuite hostname="LAPTOP-MJI58I48" failures="0" tests="7" name="multipleclasse.class3" time="0.013" errors="0" timestamp="2022-11-08T11:18:12 IST" skipped="0">
  <testcase classname="multipleclasse.class3" name="login" time="0.007"/>
  <system-out/>
  <testcase classname="multipleclasse.class3" name="custdetails" time="0.002"/>
  <system-out/>
  <testcase classname="multipleclasse.class3" name="productdetails" time="0.001"/>
  <system-out/>
  <testcase classname="multipleclasse.class3" name="paymentdetails" time="0.001"/>
  <system-out/>
  <testcase classname="multipleclasse.class3" name="rating" time="0.000"/>
  <system-out/>
  <testcase classname="multipleclasse.class3" name="feedback" time="0.001"/>
  <system-out/>
  <testcase classname="multipleclasse.class3" name="close" time="0.001"/>
  <system-out/>
</testsuite> <!-- multipleclasse.class3 -->
