<?xml version="1.0" encoding="UTF-8"?>
<!-- Generated by org.testng.reporters.JUnitReportReporter -->
<testsuite hostname="LAPTOP-MJI58I48" failures="0" tests="7" name="Module1.program1" time="0.011" errors="0" timestamp="2022-11-08T09:42:46 IST" skipped="1">
  <testcase classname="Module1.program1" name="open_browser" time="0.007"/>
  <system-out/>
  <testcase classname="Module1.program1" name="Cust_details" time="0.001"/>
  <system-out/>
  <testcase classname="Module1.program1" name="Product_details" time="0.000"/>
  <system-out/>
  <testcase classname="Module1.program1" name="delivery_process" time="0.000"/>
  <system-out/>
  <testcase classname="Module1.program1" name="payment_details" time="0.002"/>
  <system-out/>
  <testcase classname="Module1.program1" name="logoff" time="0.001"/>
  <system-out/>
  <testcase classname="Module1.program1" name="feedback_process">
    <skipped/>
  </testcase> <!-- feedback_process -->
  <system-out/>
</testsuite> <!-- Module1.program1 -->
